<?xml version="1.0" encoding="UTF-8"?>
<!-- Generated by org.testng.reporters.JUnitReportReporter -->
<testsuite hostname="Macs-MacBook-Pro.local" failures="0" tests="4" name="testNGDEMO.OrangeHRMSTest" time="23.983" errors="0" timestamp="2024-12-07T18:41:24 IST" skipped="0">
  <testcase classname="testNGDEMO.OrangeHRMSTest" name="openapp" time="15.288"/>
  <system-out/>
  <testcase classname="testNGDEMO.OrangeHRMSTest" name="testlogo" time="0.617"/>
  <system-out/>
  <testcase classname="testNGDEMO.OrangeHRMSTest" name="loginTest" time="7.921"/>
  <system-out/>
  <testcase classname="testNGDEMO.OrangeHRMSTest" name="logout" time="0.157"/>
  <system-out/>
</testsuite> <!-- testNGDEMO.OrangeHRMSTest -->
