<?xml version="1.0" encoding="UTF-8"?>
<!-- Generated by org.testng.reporters.JUnitReportReporter -->
<testsuite hostname="Macs-MacBook-Pro.local" failures="0" tests="1" name="testNGDEMO.HardAssert" time="0.016" errors="0" timestamp="2024-12-08T21:45:09 IST" skipped="0">
  <testcase classname="testNGDEMO.HardAssert" name="test" time="0.016"/>
  <system-out/>
</testsuite> <!-- testNGDEMO.HardAssert -->
