<?xml version="1.0" encoding="UTF-8"?>
<!-- Generated by org.testng.reporters.JUnitReportReporter -->
<testsuite hostname="Macs-MacBook-Pro.local" failures="0" tests="2" name="testNGDEMO.AllAnnotations" time="0.014" errors="0" timestamp="2024-12-08T21:07:31 IST" skipped="0">
  <testcase classname="testNGDEMO.AllAnnotations" name="tm1" time="0.009"/>
  <system-out/>
  <testcase classname="testNGDEMO.AllAnnotations" name="tm2" time="0.005"/>
  <system-out/>
</testsuite> <!-- testNGDEMO.AllAnnotations -->
