<?xml version="1.0" encoding="UTF-8"?>
<!-- Generated by org.testng.reporters.JUnitReportReporter -->
<testsuite hostname="Macs-MacBook-Pro.local" failures="0" tests="3" name="testNGDEMO.FirstTestCase" time="0.017" errors="0" timestamp="2024-12-07T17:18:32 IST" skipped="0">
  <testcase classname="testNGDEMO.FirstTestCase" name="openapp" time="0.012"/>
  <system-out/>
  <testcase classname="testNGDEMO.FirstTestCase" name="login" time="0.003"/>
  <system-out/>
  <testcase classname="testNGDEMO.FirstTestCase" name="logout" time="0.002"/>
  <system-out/>
</testsuite> <!-- testNGDEMO.FirstTestCase -->
