<?xml version="1.0" encoding="UTF-8"?>
<!-- Generated by org.testng.reporters.JUnitReportReporter -->
<testsuite hostname="Macs-MacBook-Pro.local" failures="0" tests="2" name="testNGDEMO.AnnotationsDemo1" time="0.009" errors="0" timestamp="2024-12-08T21:02:05 IST" skipped="0">
  <testcase classname="testNGDEMO.AnnotationsDemo1" name="search" time="0.006"/>
  <system-out/>
  <testcase classname="testNGDEMO.AnnotationsDemo1" name="Advancesearch" time="0.003"/>
  <system-out/>
</testsuite> <!-- testNGDEMO.AnnotationsDemo1 -->
